[debug] [2021-07-21T18:47:34.748Z] ----------------------------------------------------------------------
[debug] [2021-07-21T18:47:34.756Z] Command:       C:\Users\keshav bansal\node.exe C:\Users\keshav bansal\node_modules\firebase-tools\lib\bin\firebase.js init hosting:github
[debug] [2021-07-21T18:47:34.757Z] CLI Version:   9.16.0
[debug] [2021-07-21T18:47:34.758Z] Platform:      win32
[debug] [2021-07-21T18:47:34.758Z] Node Version:  v12.18.3
[debug] [2021-07-21T18:47:34.762Z] Time:          Thu Jul 22 2021 00:17:34 GMT+0530 (India Standard Time)
[debug] [2021-07-21T18:47:34.762Z] ----------------------------------------------------------------------
[debug] 
[debug] [2021-07-21T18:47:34.848Z] >>> [apiv2][query] GET https://firebase-public.firebaseio.com/cli.json [none]
[debug] [2021-07-21T18:47:35.292Z] > command requires scopes: ["email","openid","https://www.googleapis.com/auth/cloudplatformprojects.readonly","https://www.googleapis.com/auth/firebase","https://www.googleapis.com/auth/cloud-platform"]
[debug] [2021-07-21T18:47:35.292Z] > authorizing via signed-in user (bansal.keshav.mathura@gmail.com)
[info] 
     ######## #### ########  ######## ########     ###     ######  ########
     ##        ##  ##     ## ##       ##     ##  ##   ##  ##       ##
     ######    ##  ########  ######   ########  #########  ######  ######
     ##        ##  ##    ##  ##       ##     ## ##     ##       ## ##
     ##       #### ##     ## ######## ########  ##     ##  ######  ########

You're about to initialize a Firebase project in this directory:

  E:\FULL STACK\React\5.React_Reels\reels

Before we get started, keep in mind:

  * You are initializing within an existing Firebase project directory

[debug] [2021-07-21T18:47:36.414Z] <<< [apiv2][status] GET https://firebase-public.firebaseio.com/cli.json 200
[debug] [2021-07-21T18:47:36.415Z] <<< [apiv2][body] GET https://firebase-public.firebaseio.com/cli.json {"cloudBuildErrorAfter":1594252800000,"cloudBuildWarnAfter":1590019200000,"defaultNode10After":1594252800000,"minVersion":"3.0.5","node8DeploysDisabledAfter":1613390400000,"node8RuntimeDisabledAfter":1615809600000,"node8WarnAfter":1600128000000}
[info] 
=== Project Setup
[info] 
[info] First, let's associate this project directory with a Firebase project.
[info] You can create multiple project aliases by running firebase use --add, 
[info] but for now we'll just set up a default project.
[info] 
[info] i  .firebaserc already has a default project, using fir-auth-75219. 
[debug] [2021-07-21T18:48:01.810Z] > refreshing access token with scopes: []
[debug] [2021-07-21T18:48:01.811Z] >>> HTTP REQUEST POST https://www.googleapis.com/oauth2/v3/token  
 <request body omitted>
[debug] [2021-07-21T18:48:02.311Z] <<< HTTP RESPONSE 200 {"cache-control":"no-cache, no-store, max-age=0, must-revalidate","pragma":"no-cache","date":"Wed, 21 Jul 2021 18:48:02 GMT","expires":"Mon, 01 Jan 1990 00:00:00 GMT","content-type":"application/json; charset=utf-8","vary":"X-Origin, Referer, Origin,Accept-Encoding","server":"scaffolding on HTTPServer2","x-xss-protection":"0","x-frame-options":"SAMEORIGIN","x-content-type-options":"nosniff","alt-svc":"h3=\":443\"; ma=2592000,h3-29=\":443\"; ma=2592000,h3-T051=\":443\"; ma=2592000,h3-Q050=\":443\"; ma=2592000,h3-Q046=\":443\"; ma=2592000,h3-Q043=\":443\"; ma=2592000,quic=\":443\"; ma=2592000; v=\"46,43\"","accept-ranges":"none","transfer-encoding":"chunked"}
[debug] [2021-07-21T18:48:03.420Z] >>> [apiv2][query] GET https://firebase.googleapis.com/v1beta1/projects/fir-auth-75219 [none]
[debug] [2021-07-21T18:48:04.267Z] <<< [apiv2][status] GET https://firebase.googleapis.com/v1beta1/projects/fir-auth-75219 200
[debug] [2021-07-21T18:48:04.267Z] <<< [apiv2][body] GET https://firebase.googleapis.com/v1beta1/projects/fir-auth-75219 {"projectId":"fir-auth-75219","projectNumber":"480092528036","displayName":"firebase-auth","name":"projects/fir-auth-75219","resources":{"hostingSite":"fir-auth-75219","storageBucket":"fir-auth-75219.appspot.com","locationId":"us-central"},"state":"ACTIVE"}
[info] 
=== Hosting:github Setup
[info] 
[info] i  Detected a .git folder at E:\FULL STACK 
[info] i  Authorizing with GitHub to upload your service account to a GitHub repository's secrets store. 
[info] 
[info] Visit this URL on this device to log in:
[info] https://github.com/login/oauth/authorize?client_id=89cf50f02ac6aaed3484&state=35065039&redirect_uri=http%3A%2F%2Flocalhost%3A9005&scope=read%3Auser%20repo%20public_repo
[info] 
[info] Waiting for authentication...
[debug] [2021-07-21T18:49:22.001Z] >>> HTTP REQUEST POST https://github.com/login/oauth/access_token  
 {"client_id":"89cf50f02ac6aaed3484","client_secret":"3330d14abc895d9a74d5f17cd7a00711fa2c5bf0","code":"d3b2da2ac2ffb6e74032","redirect_uri":"http://localhost:9005","state":"35065039"}
[debug] [2021-07-21T18:49:22.539Z] <<< HTTP RESPONSE 200 {"server":"GitHub.com","date":"Wed, 21 Jul 2021 18:49:22 GMT","content-type":"application/json; charset=utf-8","transfer-encoding":"chunked","vary":"X-PJAX, Accept-Encoding, Accept, X-Requested-With","permissions-policy":"interest-cohort=()","etag":"W/\"fad24b3a7cc13faec36971719dbd931d\"","cache-control":"max-age=0, private, must-revalidate","strict-transport-security":"max-age=31536000; includeSubdomains; preload","x-frame-options":"deny","x-content-type-options":"nosniff","x-xss-protection":"0","referrer-policy":"origin-when-cross-origin, strict-origin-when-cross-origin","expect-ct":"max-age=2592000, report-uri=\"https://api.github.com/_private/browser/errors\"","content-security-policy":"default-src 'none'; base-uri 'self'; block-all-mixed-content; connect-src 'self' uploads.github.com www.githubstatus.com collector.githubapp.com api.github.com github-cloud.s3.amazonaws.com github-production-repository-file-5c1aeb.s3.amazonaws.com github-production-upload-manifest-file-7fdce7.s3.amazonaws.com github-production-user-asset-6210df.s3.amazonaws.com cdn.optimizely.com logx.optimizely.com/v1/events translator.github.com wss://alive.github.com; font-src github.githubassets.com; form-action 'self' github.com gist.github.com; frame-ancestors 'none'; frame-src render.githubusercontent.com render-temp.githubusercontent.com viewscreen.githubusercontent.com; img-src 'self' data: github.githubassets.com identicons.github.com collector.githubapp.com github-cloud.s3.amazonaws.com secured-user-images.githubusercontent.com/ *.githubusercontent.com; manifest-src 'self'; media-src 'none'; script-src github.githubassets.com; style-src 'unsafe-inline' github.githubassets.com; worker-src github.com/socket-worker-3f088aa2.js gist.github.com/socket-worker-3f088aa2.js","x-github-request-id":"F282:60EE:5267D7:59E69A:60F86C32"}
[debug] [2021-07-21T18:49:22.603Z] >>> [apiv2][query] GET https://api.github.com/user [none]
[debug] [2021-07-21T18:49:23.105Z] <<< [apiv2][status] GET https://api.github.com/user 200
[debug] [2021-07-21T18:49:23.106Z] <<< [apiv2][body] GET https://api.github.com/user {"login":"keshavbansal20","id":46074720,"node_id":"MDQ6VXNlcjQ2MDc0NzIw","avatar_url":"https://avatars.githubusercontent.com/u/46074720?v=4","gravatar_id":"","url":"https://api.github.com/users/keshavbansal20","html_url":"https://github.com/keshavbansal20","followers_url":"https://api.github.com/users/keshavbansal20/followers","following_url":"https://api.github.com/users/keshavbansal20/following{/other_user}","gists_url":"https://api.github.com/users/keshavbansal20/gists{/gist_id}","starred_url":"https://api.github.com/users/keshavbansal20/starred{/owner}{/repo}","subscriptions_url":"https://api.github.com/users/keshavbansal20/subscriptions","organizations_url":"https://api.github.com/users/keshavbansal20/orgs","repos_url":"https://api.github.com/users/keshavbansal20/repos","events_url":"https://api.github.com/users/keshavbansal20/events{/privacy}","received_events_url":"https://api.github.com/users/keshavbansal20/received_events","type":"User","site_admin":false,"name":null,"company":null,"blog":"","location":null,"email":null,"hireable":null,"bio":null,"twitter_username":null,"public_repos":60,"public_gists":2,"followers":2,"following":24,"created_at":"2018-12-22T19:43:25Z","updated_at":"2021-07-21T18:49:19Z","private_gists":4,"total_private_repos":2,"owned_private_repos":2,"disk_usage":58533,"collaborators":0,"two_factor_authentication":false,"plan":{"name":"free","space":976562499,"collaborators":0,"private_repos":10000}}
[info] 
[info] +  Success! Logged into GitHub as keshavbansal20 
[info] 
[debug] [2021-07-21T18:49:49.993Z] >>> [apiv2][query] GET https://api.github.com/repos/build/actions/secrets/public-key type=owner
[debug] [2021-07-21T18:49:50.395Z] <<< [apiv2][status] GET https://api.github.com/repos/build/actions/secrets/public-key 404
[debug] [2021-07-21T18:49:50.396Z] <<< [apiv2][body] GET https://api.github.com/repos/build/actions/secrets/public-key {"message":"Not Found","documentation_url":"https://docs.github.com/rest"}
[debug] [2021-07-21T18:50:09.140Z] >>> [apiv2][query] GET https://api.github.com/repos/build/actions/secrets/public-key type=owner
[debug] [2021-07-21T18:50:09.833Z] <<< [apiv2][status] GET https://api.github.com/repos/build/actions/secrets/public-key 404
[debug] [2021-07-21T18:50:09.834Z] <<< [apiv2][body] GET https://api.github.com/repos/build/actions/secrets/public-key {"message":"Not Found","documentation_url":"https://docs.github.com/rest"}
[debug] [2021-07-21T18:52:17.503Z] >>> [apiv2][query] GET https://api.github.com/repos/build/actions/secrets/public-key type=owner
[debug] [2021-07-21T18:52:17.986Z] <<< [apiv2][status] GET https://api.github.com/repos/build/actions/secrets/public-key 404
[debug] [2021-07-21T18:52:17.987Z] <<< [apiv2][body] GET https://api.github.com/repos/build/actions/secrets/public-key {"message":"Not Found","documentation_url":"https://docs.github.com/rest"}
[debug] [2021-07-21T18:52:23.344Z] >>> [apiv2][query] GET https://api.github.com/repos/reels/actions/secrets/public-key type=owner
[debug] [2021-07-21T18:52:23.726Z] <<< [apiv2][status] GET https://api.github.com/repos/reels/actions/secrets/public-key 404
[debug] [2021-07-21T18:52:23.726Z] <<< [apiv2][body] GET https://api.github.com/repos/reels/actions/secrets/public-key {"message":"Not Found","documentation_url":"https://docs.github.com/rest"}
[debug] [2021-07-21T18:52:38.278Z] >>> [apiv2][query] GET https://api.github.com/repos/repository/actions/secrets/public-key type=owner
[debug] [2021-07-21T18:52:38.672Z] <<< [apiv2][status] GET https://api.github.com/repos/repository/actions/secrets/public-key 404
[debug] [2021-07-21T18:52:38.672Z] <<< [apiv2][body] GET https://api.github.com/repos/repository/actions/secrets/public-key {"message":"Not Found","documentation_url":"https://docs.github.com/rest"}
[debug] [2021-07-21T18:52:41.298Z] >>> [apiv2][query] GET https://api.github.com/repos/user/actions/secrets/public-key type=owner
[debug] [2021-07-21T18:52:41.680Z] <<< [apiv2][status] GET https://api.github.com/repos/user/actions/secrets/public-key 404
[debug] [2021-07-21T18:52:41.680Z] <<< [apiv2][body] GET https://api.github.com/repos/user/actions/secrets/public-key {"message":"Not Found","documentation_url":"https://docs.github.com/rest"}
[debug] [2021-07-21T18:53:08.403Z] >>> [apiv2][query] GET https://api.github.com/repos//actions/secrets/public-key type=owner
[debug] [2021-07-21T18:53:08.843Z] <<< [apiv2][status] GET https://api.github.com/repos//actions/secrets/public-key 404
[debug] [2021-07-21T18:53:08.843Z] <<< [apiv2][body] GET https://api.github.com/repos//actions/secrets/public-key {"message":"Not Found","documentation_url":"https://docs.github.com/rest"}
[debug] [2021-07-21T18:53:16.215Z] >>> [apiv2][query] GET https://api.github.com/repos/React/actions/secrets/public-key type=owner
[debug] [2021-07-21T18:53:16.704Z] <<< [apiv2][status] GET https://api.github.com/repos/React/actions/secrets/public-key 404
[debug] [2021-07-21T18:53:16.704Z] <<< [apiv2][body] GET https://api.github.com/repos/React/actions/secrets/public-key {"message":"Not Found","documentation_url":"https://docs.github.com/rest"}
[debug] [2021-07-21T18:53:18.656Z] >>> [apiv2][query] GET https://api.github.com/repos//actions/secrets/public-key type=owner
[debug] [2021-07-21T18:53:18.819Z] >>> [apiv2][query] GET https://api.github.com/repos//actions/secrets/public-key type=owner
[debug] [2021-07-21T18:53:19.035Z] <<< [apiv2][status] GET https://api.github.com/repos//actions/secrets/public-key 404
[debug] [2021-07-21T18:53:19.036Z] <<< [apiv2][body] GET https://api.github.com/repos//actions/secrets/public-key {"message":"Not Found","documentation_url":"https://docs.github.com/rest"}
[debug] [2021-07-21T18:53:19.199Z] <<< [apiv2][status] GET https://api.github.com/repos//actions/secrets/public-key 404
[debug] [2021-07-21T18:53:19.199Z] <<< [apiv2][body] GET https://api.github.com/repos//actions/secrets/public-key {"message":"Not Found","documentation_url":"https://docs.github.com/rest"}
[debug] [2021-07-21T18:53:22.731Z] >>> [apiv2][query] GET https://api.github.com/repos/user/actions/secrets/public-key type=owner
[debug] [2021-07-21T18:53:23.133Z] <<< [apiv2][status] GET https://api.github.com/repos/user/actions/secrets/public-key 404
[debug] [2021-07-21T18:53:23.133Z] <<< [apiv2][body] GET https://api.github.com/repos/user/actions/secrets/public-key {"message":"Not Found","documentation_url":"https://docs.github.com/rest"}
[debug] [2021-07-21T18:55:12.039Z] >>> [apiv2][query] GET https://api.github.com/repos/keshavbansal20/build/actions/secrets/public-key type=owner
[debug] [2021-07-21T18:55:12.577Z] <<< [apiv2][status] GET https://api.github.com/repos/keshavbansal20/build/actions/secrets/public-key 404
[debug] [2021-07-21T18:55:12.578Z] <<< [apiv2][body] GET https://api.github.com/repos/keshavbansal20/build/actions/secrets/public-key {"message":"Not Found","documentation_url":"https://docs.github.com/rest/reference/actions#get-a-repository-public-key"}
[debug] [2021-07-21T18:55:43.431Z] >>> [apiv2][query] GET https://api.github.com/repos/keshavbansal20/Reelsgraphy/actions/secrets/public-key type=owner
[debug] [2021-07-21T18:55:43.854Z] <<< [apiv2][status] GET https://api.github.com/repos/keshavbansal20/Reelsgraphy/actions/secrets/public-key 404
[debug] [2021-07-21T18:55:43.855Z] <<< [apiv2][body] GET https://api.github.com/repos/keshavbansal20/Reelsgraphy/actions/secrets/public-key {"message":"Not Found","documentation_url":"https://docs.github.com/rest/reference/actions#get-a-repository-public-key"}
[debug] [2021-07-21T18:56:09.102Z] >>> [apiv2][query] GET https://api.github.com/repos/keshav/reelsgraphy/actions/secrets/public-key type=owner
[debug] [2021-07-21T18:56:09.506Z] <<< [apiv2][status] GET https://api.github.com/repos/keshav/reelsgraphy/actions/secrets/public-key 404
[debug] [2021-07-21T18:56:09.508Z] <<< [apiv2][body] GET https://api.github.com/repos/keshav/reelsgraphy/actions/secrets/public-key {"message":"Not Found","documentation_url":"https://docs.github.com/rest/reference/actions#get-a-repository-public-key"}
[debug] [2021-07-21T18:56:19.528Z] >>> [apiv2][query] GET https://api.github.com/repos/reels/graphy/actions/secrets/public-key type=owner
[debug] [2021-07-21T18:56:19.949Z] <<< [apiv2][status] GET https://api.github.com/repos/reels/graphy/actions/secrets/public-key 404
[debug] [2021-07-21T18:56:19.950Z] <<< [apiv2][body] GET https://api.github.com/repos/reels/graphy/actions/secrets/public-key {"message":"Not Found","documentation_url":"https://docs.github.com/rest/reference/actions#get-a-repository-public-key"}
[debug] [2021-07-21T18:57:10.235Z] >>> [apiv2][query] GET https://api.github.com/repos/keshavbansal20/reels/actions/secrets/public-key type=owner
[debug] [2021-07-21T18:57:10.613Z] <<< [apiv2][status] GET https://api.github.com/repos/keshavbansal20/reels/actions/secrets/public-key 404
[debug] [2021-07-21T18:57:10.613Z] <<< [apiv2][body] GET https://api.github.com/repos/keshavbansal20/reels/actions/secrets/public-key {"message":"Not Found","documentation_url":"https://docs.github.com/rest/reference/actions#get-a-repository-public-key"}
[debug] [2021-07-21T18:57:25.880Z] >>> [apiv2][query] GET https://api.github.com/repos/keshavbansal20/reels/actions/secrets/public-key type=owner
[debug] [2021-07-21T18:57:26.335Z] <<< [apiv2][status] GET https://api.github.com/repos/keshavbansal20/reels/actions/secrets/public-key 404
[debug] [2021-07-21T18:57:26.336Z] <<< [apiv2][body] GET https://api.github.com/repos/keshavbansal20/reels/actions/secrets/public-key {"message":"Not Found","documentation_url":"https://docs.github.com/rest/reference/actions#get-a-repository-public-key"}
[debug] [2021-07-21T18:59:08.000Z] >>> [apiv2][query] GET https://api.github.com/repos/FULL STACK/FULL STACK/actions/secrets/public-key type=owner
[debug] [2021-07-21T18:59:08.441Z] <<< [apiv2][status] GET https://api.github.com/repos/FULL STACK/FULL STACK/actions/secrets/public-key 404
[debug] [2021-07-21T18:59:08.441Z] <<< [apiv2][body] GET https://api.github.com/repos/FULL STACK/FULL STACK/actions/secrets/public-key {"message":"Not Found","documentation_url":"https://docs.github.com/rest/reference/actions#get-a-repository-public-key"}
